
5월 12, 2023 12:22:29.581 NEW SESSION
5월 12, 2023 12:22:29.581 [10876:1772:0512/122229.580:ERROR:device_event_log_impl.cc(222)] [12:22:29.580] USB: usb_device_handle_win.cc:1046 Failed to read descriptor from node connection: 시스템에 부착된 장치가 작동하지 않습니다. (0x1F)
5월 12, 2023 12:22:29.622 INFO: Created TensorFlow Lite XNNPACK delegate for CPU.
5월 12, 2023 12:22:41.667 [10912:10168:0512/122241.667:ERROR:device_event_log_impl.cc(222)] [12:22:41.666] USB: usb_device_handle_win.cc:1046 Failed to read descriptor from node connection: 시스템에 부착된 장치가 작동하지 않습니다. (0x1F)
5월 12, 2023 12:22:41.709 INFO: Created TensorFlow Lite XNNPACK delegate for CPU.
5월 12, 2023 12:23:54.861 [5280:10500:0512/122354.861:ERROR:device_event_log_impl.cc(222)] [12:23:54.861] USB: usb_device_handle_win.cc:1046 Failed to read descriptor from node connection: 시스템에 부착된 장치가 작동하지 않습니다. (0x1F)
5월 12, 2023 12:23:54.903 INFO: Created TensorFlow Lite XNNPACK delegate for CPU.
5월 12, 2023 12:28:08.962 [7896:2192:0512/122808.962:ERROR:device_event_log_impl.cc(222)] [12:28:08.962] USB: usb_device_handle_win.cc:1046 Failed to read descriptor from node connection: 시스템에 부착된 장치가 작동하지 않습니다. (0x1F)
5월 12, 2023 12:28:09.08 INFO: Created TensorFlow Lite XNNPACK delegate for CPU.
5월 12, 2023 12:28:24.170 [8092:8432:0512/122824.170:ERROR:device_event_log_impl.cc(222)] [12:28:24.170] USB: usb_device_handle_win.cc:1046 Failed to read descriptor from node connection: 시스템에 부착된 장치가 작동하지 않습니다. (0x1F)
5월 12, 2023 12:28:24.212 INFO: Created TensorFlow Lite XNNPACK delegate for CPU.
5월 12, 2023 12:45:08.738 [7996:5116:0512/124508.738:ERROR:device_event_log_impl.cc(222)] [12:45:08.738] USB: usb_device_handle_win.cc:1046 Failed to read descriptor from node connection: 시스템에 부착된 장치가 작동하지 않습니다. (0x1F)
5월 12, 2023 12:45:08.780 INFO: Created TensorFlow Lite XNNPACK delegate for CPU.
5월 12, 2023 12:46:55.883 [5740:2112:0512/124655.883:ERROR:device_event_log_impl.cc(222)] [12:46:55.884] USB: usb_device_handle_win.cc:1046 Failed to read descriptor from node connection: 시스템에 부착된 장치가 작동하지 않습니다. (0x1F)
5월 12, 2023 12:46:55.933 INFO: Created TensorFlow Lite XNNPACK delegate for CPU.

5월 15, 2023 12:04:21.559 NEW SESSION
5월 15, 2023 12:04:21.559 [5088:5340:0515/120421.543:ERROR:interface_endpoint_client.cc(696)] Message 1 rejected by interface blink.mojom.WidgetHost
5월 15, 2023 12:04:53.108 [5088:5340:0515/120453.108:ERROR:interface_endpoint_client.cc(696)] Message 1 rejected by interface blink.mojom.WidgetHost
5월 15, 2023 12:10:29.229 [5088:5340:0515/121029.229:ERROR:interface_endpoint_client.cc(696)] Message 0 rejected by interface blink.mojom.WidgetHost
5월 15, 2023 12:10:45.442 [5088:5340:0515/121045.442:ERROR:interface_endpoint_client.cc(696)] Message 0 rejected by interface blink.mojom.WidgetHost
5월 15, 2023 12:10:56.173 [5088:5340:0515/121056.173:ERROR:interface_endpoint_client.cc(696)] Message 0 rejected by interface blink.mojom.WidgetHost
5월 15, 2023 12:11:35.176 [5088:5340:0515/121135.176:ERROR:interface_endpoint_client.cc(696)] Message 0 rejected by interface blink.mojom.WidgetHost
5월 15, 2023 12:12:09.567 [5088:5340:0515/121209.567:ERROR:interface_endpoint_client.cc(696)] Message 0 rejected by interface blink.mojom.WidgetHost
5월 15, 2023 12:13:50.253 [5088:5340:0515/121350.253:ERROR:interface_endpoint_client.cc(696)] Message 0 rejected by interface blink.mojom.WidgetHost
5월 15, 2023 12:14:23.420 [5088:5340:0515/121423.420:ERROR:interface_endpoint_client.cc(696)] Message 0 rejected by interface blink.mojom.WidgetHost
5월 15, 2023 12:14:40.636 [5088:5340:0515/121440.636:ERROR:interface_endpoint_client.cc(696)] Message 0 rejected by interface blink.mojom.WidgetHost
5월 15, 2023 12:14:55.768 [5088:5340:0515/121455.767:ERROR:interface_endpoint_client.cc(696)] Message 0 rejected by interface blink.mojom.WidgetHost
5월 15, 2023 12:15:29.387 [5088:5340:0515/121529.387:ERROR:interface_endpoint_client.cc(696)] Message 0 rejected by interface blink.mojom.WidgetHost
5월 15, 2023 12:19:44.395 [5088:5340:0515/121944.395:ERROR:interface_endpoint_client.cc(696)] Message 1 rejected by interface blink.mojom.WidgetHost
5월 15, 2023 12:22:35.387 [5088:5340:0515/122235.387:ERROR:interface_endpoint_client.cc(696)] Message 1 rejected by interface blink.mojom.WidgetHost
5월 15, 2023 12:22:35.387 [5088:5340:0515/122235.387:ERROR:interface_endpoint_client.cc(696)] Message 1 rejected by interface blink.mojom.WidgetHost

5월 16, 2023 13:44:32.298 NEW SESSION
5월 16, 2023 13:44:32.298 [7892:10796:0516/134432.285:ERROR:interface_endpoint_client.cc(696)] Message 1 rejected by interface blink.mojom.WidgetHost
5월 16, 2023 13:56:04.963 [7892:10796:0516/135604.963:ERROR:device_event_log_impl.cc(222)] [13:56:04.963] Bluetooth: bluetooth_adapter_winrt.cc:1058 Getting Default Adapter failed.
5월 16, 2023 13:57:46.309 [7892:10796:0516/135746.309:ERROR:page_load_metrics_update_dispatcher.cc(178)] Invalid first_paint 0.156 s for first_image_paint 0.144 s
5월 16, 2023 13:57:46.410 [7892:10796:0516/135746.410:ERROR:page_load_metrics_update_dispatcher.cc(178)] Invalid first_paint 0.156 s for first_image_paint 0.144 s
5월 16, 2023 13:57:46.965 [7892:10796:0516/135746.965:ERROR:page_load_metrics_update_dispatcher.cc(178)] Invalid first_paint 0.156 s for first_image_paint 0.144 s
5월 16, 2023 13:57:47.116 [7892:10796:0516/135747.116:ERROR:page_load_metrics_update_dispatcher.cc(178)] Invalid first_paint 0.156 s for first_image_paint 0.144 s
5월 16, 2023 13:57:47.304 [7892:10796:0516/135747.304:ERROR:page_load_metrics_update_dispatcher.cc(178)] Invalid first_paint 0.156 s for first_image_paint 0.144 s
5월 16, 2023 13:57:47.499 [7892:10796:0516/135747.499:ERROR:page_load_metrics_update_dispatcher.cc(178)] Invalid first_paint 0.156 s for first_image_paint 0.144 s
5월 16, 2023 13:57:47.914 [7892:10796:0516/135747.914:ERROR:page_load_metrics_update_dispatcher.cc(178)] Invalid first_paint 0.156 s for first_image_paint 0.144 s
5월 16, 2023 13:57:48.39 [7892:10796:0516/135748.039:ERROR:page_load_metrics_update_dispatcher.cc(178)] Invalid first_paint 0.156 s for first_image_paint 0.144 s
5월 16, 2023 13:57:48.149 [7892:10796:0516/135748.149:ERROR:page_load_metrics_update_dispatcher.cc(178)] Invalid first_paint 0.156 s for first_image_paint 0.144 s
5월 16, 2023 13:57:48.301 [7892:10796:0516/135748.301:ERROR:page_load_metrics_update_dispatcher.cc(178)] Invalid first_paint 0.156 s for first_image_paint 0.144 s
5월 16, 2023 13:57:48.427 [7892:10796:0516/135748.427:ERROR:page_load_metrics_update_dispatcher.cc(178)] Invalid first_paint 0.156 s for first_image_paint 0.144 s
5월 16, 2023 13:57:48.556 [7892:10796:0516/135748.556:ERROR:page_load_metrics_update_dispatcher.cc(178)] Invalid first_paint 0.156 s for first_image_paint 0.144 s
5월 16, 2023 13:57:48.667 [7892:10796:0516/135748.667:ERROR:page_load_metrics_update_dispatcher.cc(178)] Invalid first_paint 0.156 s for first_image_paint 0.144 s
5월 16, 2023 13:57:48.798 [7892:10796:0516/135748.798:ERROR:page_load_metrics_update_dispatcher.cc(178)] Invalid first_paint 0.156 s for first_image_paint 0.144 s
5월 16, 2023 13:57:48.923 [7892:10796:0516/135748.923:ERROR:page_load_metrics_update_dispatcher.cc(178)] Invalid first_paint 0.156 s for first_image_paint 0.144 s
5월 16, 2023 13:57:49.32 [7892:10796:0516/135749.032:ERROR:page_load_metrics_update_dispatcher.cc(178)] Invalid first_paint 0.156 s for first_image_paint 0.144 s
5월 16, 2023 13:57:49.661 [7892:10796:0516/135749.661:ERROR:page_load_metrics_update_dispatcher.cc(178)] Invalid first_paint 0.156 s for first_image_paint 0.144 s
5월 16, 2023 13:57:49.798 [7892:10796:0516/135749.798:ERROR:page_load_metrics_update_dispatcher.cc(178)] Invalid first_paint 0.156 s for first_image_paint 0.144 s
5월 16, 2023 13:57:49.908 [7892:10796:0516/135749.908:ERROR:page_load_metrics_update_dispatcher.cc(178)] Invalid first_paint 0.156 s for first_image_paint 0.144 s
5월 16, 2023 13:57:50.78 [7892:10796:0516/135750.078:ERROR:page_load_metrics_update_dispatcher.cc(178)] Invalid first_paint 0.156 s for first_image_paint 0.144 s
5월 16, 2023 13:57:50.185 [7892:10796:0516/135750.185:ERROR:page_load_metrics_update_dispatcher.cc(178)] Invalid first_paint 0.156 s for first_image_paint 0.144 s
5월 16, 2023 13:57:50.297 [7892:10796:0516/135750.297:ERROR:page_load_metrics_update_dispatcher.cc(178)] Invalid first_paint 0.156 s for first_image_paint 0.144 s
5월 16, 2023 13:57:50.400 [7892:10796:0516/135750.400:ERROR:page_load_metrics_update_dispatcher.cc(178)] Invalid first_paint 0.156 s for first_image_paint 0.144 s
